<?xml version="1.0" encoding="UTF-8"?>
<!-- Generated by org.testng.reporters.JUnitReportReporter -->
<testsuite hostname="DESKTOP-3HIQELK" failures="0" tests="2" name="test.DemoTest1" time="1.324" errors="0" timestamp="2024-12-28T10:14:05 IST" skipped="0">
  <testcase classname="test.DemoTest1" name="test1" time="0.045"/>
  <system-out/>
  <testcase classname="test.DemoTest1" name="test2" time="1.279"/>
  <system-out/>
</testsuite> <!-- test.DemoTest1 -->
