<?xml version="1.0" encoding="UTF-8"?>
<!-- Generated by org.testng.reporters.JUnitReportReporter -->
<testsuite hostname="DESKTOP-3HIQELK" failures="0" tests="3" name="test.DemoTest2" time="5.031" errors="0" timestamp="2024-12-28T10:14:05 IST" skipped="0">
  <testcase classname="test.DemoTest2" name="titleVerify" time="2.867"/>
  <system-out/>
  <testcase classname="test.DemoTest2" name="clickForm" time="1.178"/>
  <system-out/>
  <testcase classname="test.DemoTest2" name="clickPracticeForm" time="0.986"/>
  <system-out/>
</testsuite> <!-- test.DemoTest2 -->
