<?xml version="1.0" encoding="UTF-8"?>
<!-- Generated by org.testng.reporters.JUnitReportReporter -->
<testsuite hostname="DESKTOP-SC52NBO" failures="0" tests="2" name="test.DemoTest1" time="1.688" errors="0" timestamp="2024-12-15T11:58:19 IST" skipped="0">
  <testcase classname="test.DemoTest1" name="test1" time="0.122"/>
  <system-out/>
  <testcase classname="test.DemoTest1" name="test2" time="1.566"/>
  <system-out/>
</testsuite> <!-- test.DemoTest1 -->
