<?xml version="1.0" encoding="UTF-8"?>
<!-- Generated by org.testng.reporters.JUnitReportReporter -->
<testsuite hostname="DESKTOP-SC52NBO" failures="0" tests="3" name="test.DemoTest2" time="1.814" errors="0" timestamp="2024-12-15T12:09:50 IST" skipped="0">
  <testcase classname="test.DemoTest2" name="titleVerify" time="0.026"/>
  <system-out/>
  <testcase classname="test.DemoTest2" name="clickForm" time="1.407"/>
  <system-out/>
  <testcase classname="test.DemoTest2" name="clickPracticeForm" time="0.381"/>
  <system-out/>
</testsuite> <!-- test.DemoTest2 -->
